Removed Pin From Net: NetName=GND Pin=C4-1
Removed Pin From Net: NetName=1.8V Pin=C5-2
Removed Pin From Net: NetName=GND Pin=C7-1
Removed Pin From Net: NetName=1.8V Pin=C7-2
Removed Pin From Net: NetName=GND Pin=C12-1
Removed Pin From Net: NetName=1.8V Pin=C12-2
Removed Pin From Net: NetName=GND Pin=C13-1
Removed Pin From Net: NetName=1.8V Pin=C13-2
Removed Pin From Net: NetName=PB6 Pin=IC2-2
Removed Pin From Net: NetName=PB9 Pin=IC2-3
Removed Pin From Net: NetName=PE1 Pin=IC2-4
Removed Pin From Net: NetName=GND Pin=IC2-5
Removed Pin From Net: NetName=1.8V Pin=IC2-6
Removed Pin From Net: NetName=1.8V Pin=IC2-7
Removed Pin From Net: NetName=PE3 Pin=IC2-8
Removed Pin From Net: NetName=PB6 Pin=IC3-2
Removed Pin From Net: NetName=PB9 Pin=IC3-3
Removed Pin From Net: NetName=GND Pin=IC3-5
Removed Pin From Net: NetName=1.8V Pin=IC3-6
Removed Pin From Net: NetName=1.8V Pin=IC3-7
Removed Pin From Net: NetName=PE3 Pin=IC3-8
Removed Pin From Net: NetName=PE3 Pin=IC4-A2
Removed Pin From Net: NetName=PE1 Pin=IC4-A3
Removed Pin From Net: NetName=PB9 Pin=IC4-A4
Removed Pin From Net: NetName=PB6 Pin=IC4-A5
Removed Pin From Net: NetName=1.8V Pin=IC4-A12
Removed Pin From Net: NetName=PH3-BOOT0 Pin=IC4-B5
Removed Pin From Net: NetName=PG9 Pin=IC4-B7
Removed Pin From Net: NetName=PG10 Pin=IC4-C7
Removed Pin From Net: NetName=PA13(JTM3/SWDI0) Pin=IC4-C10
Removed Pin From Net: NetName=PA14(JTCK/SWCLK) Pin=IC4-C11
Removed Pin From Net: NetName=1.8V Pin=IC4-D4
Removed Pin From Net: NetName=1.8V Pin=IC4-D9
Removed Pin From Net: NetName=GND Pin=IC4-E4
Removed Pin From Net: NetName=GND Pin=IC4-E9
Removed Pin From Net: NetName=GND Pin=IC4-F6
Removed Pin From Net: NetName=1.8V Pin=IC4-F7
Removed Pin From Net: NetName=NRST Pin=IC4-G2
Removed Pin From Net: NetName=1.8V Pin=IC4-G6
Removed Pin From Net: NetName=GND Pin=IC4-G7
Removed Pin From Net: NetName=GND Pin=IC4-H4
Removed Pin From Net: NetName=GND Pin=IC4-H9
Removed Pin From Net: NetName=1.8V Pin=IC4-J4
Removed Pin From Net: NetName=1.8V Pin=IC4-J9
Removed Pin From Net: NetName=GND Pin=J1-1
Removed Pin From Net: NetName=PH3-BOOT0 Pin=J1-2
Removed Pin From Net: NetName=1.8V Pin=J1-3
Removed Pin From Net: NetName=GND Pin=J2-1
Removed Pin From Net: NetName=1.8V Pin=J2-2
Removed Pin From Net: NetName=3.7V Pin=J2-3
Removed Pin From Net: NetName=PB6 Pin=J3-1
Removed Pin From Net: NetName=PB9 Pin=J3-2
Removed Pin From Net: NetName=PG9 Pin=J3-3
Removed Pin From Net: NetName=PG10 Pin=J3-4
Removed Pin From Net: NetName=PA13(JTM3/SWDI0) Pin=J4-1
Removed Pin From Net: NetName=PA14(JTCK/SWCLK) Pin=J4-2
Removed Pin From Net: NetName=NRST Pin=J4-3
Removed Pin From Net: NetName=GND Pin=J4-4
Removed Pin From Net: NetName=1.8V Pin=J4-5
Removed Pin From Net: NetName=VDD Pin=R4-1
Removed Pin From Net: NetName=PE3 Pin=R4-2
Removed Member From Class: ClassName=Sheet1 Member=C12
Removed Member From Class: ClassName=Sheet1 Member=C13
Change Component Designator: OldDesignator=C4 NewDesignator=C5
Change Component Designator: OldDesignator=C6 NewDesignator=C7
Change Component Designator: OldDesignator=R2 NewDesignator=R5
Change Component Designator: OldDesignator=R3 NewDesignator=R6
Change Component Designator: OldDesignator=R5 NewDesignator=R7
Change Component Designator: OldDesignator=R6 NewDesignator=R3
Change Component Designator: OldDesignator=R7 NewDesignator=R4
Change Component Designator: OldDesignator=R8 NewDesignator=R2
Added Component: Designator=C4(CAPC1608X90N)
Add component (AddParameter): Name = "Arrow Part Number"; Value = "CC0603KRX7R9BB104"; VariantName = "[No Variations]"
Add component (AddParameter): Name = "Arrow Price/Stock"; Value = "https://www.arrow.com/en/products/cc0603krx7r9bb104/yageo?region=nac"; VariantName = "[No Variations]"
Add component (AddParameter): Name = "Datasheet Link"; Value = "http://componentsearchengine.com/Datasheets/3/CC0603KRX7R9BB104.pdf"; VariantName = "[No Variations]"
Add component (AddParameter): Name = "Height"; Value = "0.9mm"; VariantName = "[No Variations]"
Add component (AddParameter): Name = "Manufacturer_Name"; Value = "KEMET"; VariantName = "[No Variations]"
Add component (AddParameter): Name = "Manufacturer_Part_Number"; Value = "CC0603KRX7R9BB104"; VariantName = "[No Variations]"
Add component (AddParameter): Name = "Mouser Part Number"; Value = "603-CC603KRX7R9BB104"; VariantName = "[No Variations]"
Add component (AddParameter): Name = "Mouser Price/Stock"; Value = "https://www.mouser.co.uk/ProductDetail/YAGEO/CC0603KRX7R9BB104?qs=vTakOoo5QyLvVCYM2ge8LQ%3D%3D"; VariantName = "[No Variations]"
Added Component: Designator=C6(CAPC1608X90N)
Add component (AddParameter): Name = "Arrow Part Number"; Value = "CC0603KRX7R9BB104"; VariantName = "[No Variations]"
Add component (AddParameter): Name = "Arrow Price/Stock"; Value = "https://www.arrow.com/en/products/cc0603krx7r9bb104/yageo?region=nac"; VariantName = "[No Variations]"
Add component (AddParameter): Name = "Datasheet Link"; Value = "http://componentsearchengine.com/Datasheets/3/CC0603KRX7R9BB104.pdf"; VariantName = "[No Variations]"
Add component (AddParameter): Name = "Height"; Value = "0.9mm"; VariantName = "[No Variations]"
Add component (AddParameter): Name = "Manufacturer_Name"; Value = "KEMET"; VariantName = "[No Variations]"
Add component (AddParameter): Name = "Manufacturer_Part_Number"; Value = "CC0603KRX7R9BB104"; VariantName = "[No Variations]"
Add component (AddParameter): Name = "Mouser Part Number"; Value = "603-CC603KRX7R9BB104"; VariantName = "[No Variations]"
Add component (AddParameter): Name = "Mouser Price/Stock"; Value = "https://www.mouser.co.uk/ProductDetail/YAGEO/CC0603KRX7R9BB104?qs=vTakOoo5QyLvVCYM2ge8LQ%3D%3D"; VariantName = "[No Variations]"
Add Component: Footprint Not Found CH20100ABR
Add Component: Footprint Not Found CH20100ABR
Add Component: Footprint Not Found CH20100ABR
Added Component: Designator=IC5(BGA132C50P12X12_700X700X60)
Add component (AddParameter): Name = "Arrow Part Number"; Value = "STM32U585QII3"; VariantName = "[No Variations]"
Add component (AddParameter): Name = "Arrow Price/Stock"; Value = "https://www.arrow.com/en/products/stm32u585qii3/stmicroelectronics?region=nac"; VariantName = "[No Variations]"
Add component (AddParameter): Name = "Datasheet Link"; Value = "https://www.st.com/resource/en/datasheet/stm32u585qi.pdf"; VariantName = "[No Variations]"
Add component (AddParameter): Name = "Height"; Value = "0.6mm"; VariantName = "[No Variations]"
Add component (AddParameter): Name = "Manufacturer_Name"; Value = "STMicroelectronics"; VariantName = "[No Variations]"
Add component (AddParameter): Name = "Manufacturer_Part_Number"; Value = "STM32U585QII3"; VariantName = "[No Variations]"
Add component (AddParameter): Name = "Mouser Part Number"; Value = "511-STM32U585QII3"; VariantName = "[No Variations]"
Add component (AddParameter): Name = "Mouser Price/Stock"; Value = "https://www.mouser.co.uk/ProductDetail/STMicroelectronics/STM32U585QII3?qs=DRkmTr78QARnx%2FRwQ92zzA%3D%3D"; VariantName = "[No Variations]"
Added Component: Designator=J1(HDRV2W66P0X254_1X2_508X254X874P)
Add component (AddParameter): Name = "Arrow Part Number"; Value = ""; VariantName = "[No Variations]"
Add component (AddParameter): Name = "Arrow Price/Stock"; Value = ""; VariantName = "[No Variations]"
Add component (AddParameter): Name = "Datasheet Link"; Value = "https://cdn.harwin.com/pdfs/M20-999.pdf"; VariantName = "[No Variations]"
Add component (AddParameter): Name = "Height"; Value = "8.74mm"; VariantName = "[No Variations]"
Add component (AddParameter): Name = "Manufacturer_Name"; Value = "Harwin"; VariantName = "[No Variations]"
Add component (AddParameter): Name = "Manufacturer_Part_Number"; Value = "M20-9990246"; VariantName = "[No Variations]"
Add component (AddParameter): Name = "Mouser Part Number"; Value = "855-M20-9990246"; VariantName = "[No Variations]"
Add component (AddParameter): Name = "Mouser Price/Stock"; Value = "https://www.mouser.co.uk/ProductDetail/Harwin/M20-9990246?qs=Jph8NoUxIfWjw4WmyRvzag%3D%3D"; VariantName = "[No Variations]"
Added Component: Designator=J2(HDRV2W66P0X254_1X2_508X254X874P)
Add component (AddParameter): Name = "Arrow Part Number"; Value = ""; VariantName = "[No Variations]"
Add component (AddParameter): Name = "Arrow Price/Stock"; Value = ""; VariantName = "[No Variations]"
Add component (AddParameter): Name = "Datasheet Link"; Value = "https://cdn.harwin.com/pdfs/M20-999.pdf"; VariantName = "[No Variations]"
Add component (AddParameter): Name = "Height"; Value = "8.74mm"; VariantName = "[No Variations]"
Add component (AddParameter): Name = "Manufacturer_Name"; Value = "Harwin"; VariantName = "[No Variations]"
Add component (AddParameter): Name = "Manufacturer_Part_Number"; Value = "M20-9990246"; VariantName = "[No Variations]"
Add component (AddParameter): Name = "Mouser Part Number"; Value = "855-M20-9990246"; VariantName = "[No Variations]"
Add component (AddParameter): Name = "Mouser Price/Stock"; Value = "https://www.mouser.co.uk/ProductDetail/Harwin/M20-9990246?qs=Jph8NoUxIfWjw4WmyRvzag%3D%3D"; VariantName = "[No Variations]"
Added Component: Designator=J3(HDRV3W64P0X254_1X3_762X254X864P)
Add component (AddParameter): Name = "Arrow Part Number"; Value = ""; VariantName = "[No Variations]"
Add component (AddParameter): Name = "Arrow Price/Stock"; Value = ""; VariantName = "[No Variations]"
Add component (AddParameter): Name = "Datasheet Link"; Value = "https://cdn.harwin.com/pdfs/M20-999.pdf"; VariantName = "[No Variations]"
Add component (AddParameter): Name = "Height"; Value = "8.64mm"; VariantName = "[No Variations]"
Add component (AddParameter): Name = "Manufacturer_Name"; Value = "Harwin"; VariantName = "[No Variations]"
Add component (AddParameter): Name = "Manufacturer_Part_Number"; Value = "M20-9990345"; VariantName = "[No Variations]"
Add component (AddParameter): Name = "Mouser Part Number"; Value = "855-M20-9990345"; VariantName = "[No Variations]"
Add component (AddParameter): Name = "Mouser Price/Stock"; Value = "https://www.mouser.co.uk/ProductDetail/Harwin/M20-9990345?qs=ulE8k0yEMYbl6ZPCtNdmpA%3D%3D"; VariantName = "[No Variations]"
Added Component: Designator=J4(HDRV3W64P0X254_1X3_762X254X864P)
Add component (AddParameter): Name = "Arrow Part Number"; Value = ""; VariantName = "[No Variations]"
Add component (AddParameter): Name = "Arrow Price/Stock"; Value = ""; VariantName = "[No Variations]"
Add component (AddParameter): Name = "Datasheet Link"; Value = "https://cdn.harwin.com/pdfs/M20-999.pdf"; VariantName = "[No Variations]"
Add component (AddParameter): Name = "Height"; Value = "8.64mm"; VariantName = "[No Variations]"
Add component (AddParameter): Name = "Manufacturer_Name"; Value = "Harwin"; VariantName = "[No Variations]"
Add component (AddParameter): Name = "Manufacturer_Part_Number"; Value = "M20-9990345"; VariantName = "[No Variations]"
Add component (AddParameter): Name = "Mouser Part Number"; Value = "855-M20-9990345"; VariantName = "[No Variations]"
Add component (AddParameter): Name = "Mouser Price/Stock"; Value = "https://www.mouser.co.uk/ProductDetail/Harwin/M20-9990345?qs=ulE8k0yEMYbl6ZPCtNdmpA%3D%3D"; VariantName = "[No Variations]"
Added Component: Designator=J5(HDRV5W64P0X254_1X5_1270X254X864P)
Add component (AddParameter): Name = "Arrow Part Number"; Value = ""; VariantName = "[No Variations]"
Add component (AddParameter): Name = "Arrow Price/Stock"; Value = ""; VariantName = "[No Variations]"
Add component (AddParameter): Name = "Datasheet Link"; Value = "https://componentsearchengine.com/Datasheets/2/M20-9990545.pdf"; VariantName = "[No Variations]"
Add component (AddParameter): Name = "Height"; Value = "8.64mm"; VariantName = "[No Variations]"
Add component (AddParameter): Name = "Manufacturer_Name"; Value = "Harwin"; VariantName = "[No Variations]"
Add component (AddParameter): Name = "Manufacturer_Part_Number"; Value = "M20-9990545"; VariantName = "[No Variations]"
Add component (AddParameter): Name = "Mouser Part Number"; Value = "855-M20-9990545"; VariantName = "[No Variations]"
Add component (AddParameter): Name = "Mouser Price/Stock"; Value = "https://www.mouser.co.uk/ProductDetail/Harwin/M20-9990545?qs=ulE8k0yEMYY1AaFSSzjXzw%3D%3D"; VariantName = "[No Variations]"
Added Component: Designator=R8(jumper_2.54)
Add component (AddParameter): Name = "LatestRevisionDate"; Value = "17-Jul-2002"; VariantName = "[No Variations]"
Add component (AddParameter): Name = "LatestRevisionNote"; Value = "Re-released for DXP Platform."; VariantName = "[No Variations]"
Add component (AddParameter): Name = "PackageDescription"; Value = "Axial Device, Thru-Hole; 2 Leads; 0.4 in Pin Spacing"; VariantName = "[No Variations]"
Add component (AddParameter): Name = "PackageReference"; Value = "AXIAL-0.4"; VariantName = "[No Variations]"
Add component (AddParameter): Name = "Published"; Value = "8-Jun-2000"; VariantName = "[No Variations]"
Add component (AddParameter): Name = "Publisher"; Value = "Altium Limited"; VariantName = "[No Variations]"
Add component (AddParameter): Name = "Value"; Value = "1650 ohm"; VariantName = "[No Variations]"
Added Pin To Net: NetName=1.8V Pin=C4-2
Added Pin To Net: NetName=1.8V Pin=C6-2
Add Pin To Net: Unknown Pin: Pin IC2-2
Add Pin To Net: Unknown Pin: Pin IC2-3
Add Pin To Net: Unknown Pin: Pin IC2-4
Add Pin To Net: Unknown Pin: Pin IC2-5
Add Pin To Net: Unknown Pin: Pin IC2-6
Add Pin To Net: Unknown Pin: Pin IC2-7
Add Pin To Net: Unknown Pin: Pin IC2-8
Add Pin To Net: Unknown Pin: Pin IC3-2
Add Pin To Net: Unknown Pin: Pin IC3-3
Add Pin To Net: Unknown Pin: Pin IC3-5
Add Pin To Net: Unknown Pin: Pin IC3-6
Add Pin To Net: Unknown Pin: Pin IC3-7
Add Pin To Net: Unknown Pin: Pin IC3-8
Add Pin To Net: Unknown Pin: Pin IC4-2
Add Pin To Net: Unknown Pin: Pin IC4-3
Add Pin To Net: Unknown Pin: Pin IC4-5
Add Pin To Net: Unknown Pin: Pin IC4-6
Add Pin To Net: Unknown Pin: Pin IC4-7
Add Pin To Net: Unknown Pin: Pin IC4-8
Added Pin To Net: NetName=PE3 Pin=IC5-A2
Added Pin To Net: NetName=PE1 Pin=IC5-A3
Added Pin To Net: NetName=1.8V Pin=IC5-A12
Added Pin To Net: NetName=1.8V Pin=IC5-B1
Added Pin To Net: NetName=PH3-BOOT0 Pin=IC5-B5
Added Pin To Net: NetName=PG9 Pin=IC5-B7
Added Pin To Net: NetName=PG10 Pin=IC5-C7
Added Pin To Net: NetName=PA13(JTM3/SWDI0) Pin=IC5-C10
Added Pin To Net: NetName=PA14(JTCK/SWCLK) Pin=IC5-C11
Added Pin To Net: NetName=1.8V Pin=IC5-D4
Added Pin To Net: NetName=1.8V Pin=IC5-D8
Added Pin To Net: NetName=1.8V Pin=IC5-D9
Added Pin To Net: NetName=GND Pin=IC5-E4
Added Pin To Net: NetName=GND Pin=IC5-E9
Added Pin To Net: NetName=GND Pin=IC5-F6
Added Pin To Net: NetName=1.8V Pin=IC5-F7
Added Pin To Net: NetName=NRST Pin=IC5-G2
Added Pin To Net: NetName=1.8V Pin=IC5-G6
Added Pin To Net: NetName=GND Pin=IC5-G7
Added Pin To Net: NetName=GND Pin=IC5-H1
Added Pin To Net: NetName=GND Pin=IC5-H4
Added Pin To Net: NetName=GND Pin=IC5-H9
Added Pin To Net: NetName=1.8V Pin=IC5-J1
Added Pin To Net: NetName=1.8V Pin=IC5-J4
Added Pin To Net: NetName=1.8V Pin=IC5-J9
Added Pin To Net: NetName=1.8V Pin=IC5-K1
Added Pin To Net: NetName=1.8V Pin=IC5-L10
Added Pin To Net: NetName=PB6 Pin=J1-1
Added Pin To Net: NetName=PB9 Pin=J1-2
Added Pin To Net: NetName=PG9 Pin=J2-1
Added Pin To Net: NetName=PG10 Pin=J2-2
Added Pin To Net: NetName=GND Pin=J3-1
Added Pin To Net: NetName=PH3-BOOT0 Pin=J3-2
Added Pin To Net: NetName=1.8V Pin=J3-3
Added Pin To Net: NetName=GND Pin=J4-1
Added Pin To Net: NetName=1.8V Pin=J4-2
Added Pin To Net: NetName=3.7V Pin=J4-3
Added Pin To Net: NetName=PA13(JTM3/SWDI0) Pin=J5-1
Added Pin To Net: NetName=PA14(JTCK/SWCLK) Pin=J5-2
Added Pin To Net: NetName=NRST Pin=J5-3
Added Pin To Net: NetName=GND Pin=J5-4
Added Pin To Net: NetName=1.8V Pin=J5-5
Added Pin To Net: NetName=GND Pin=R8-2
Added Pin To Net: NetName=GND_Shield Pin=C4-1
Added Pin To Net: NetName=GND_Shield Pin=C5-1
Added Pin To Net: NetName=GND_Shield Pin=C6-1
Added Pin To Net: NetName=GND_Shield Pin=R8-1
Added Net: Name=GND_Shield
Added Pin To Net: NetName=NetR1_2 Pin=R1-2
Added Pin To Net: NetName=NetR1_2 Pin=R2-1
Added Net: Name=NetR1_2
Added Pin To Net: NetName=PA12 Pin=IC5-B12
Added Net: Name=PA12
Added Pin To Net: NetName=PD6 Pin=IC5-A7
Added Net: Name=PD6
Added Pin To Net: NetName=PE5 Pin=IC5-A1
Added Net: Name=PE5
Added Pin To Net: NetName=PE13 Pin=IC5-M8
Added Net: Name=PE13
Added Pin To Net: NetName=PG11 Pin=IC5-M11
Added Net: Name=PG11
Added Member To Class: ClassName=Sheet1 Member=Component IC5 STM32U585QII3
Added Member To Class: ClassName=Sheet1 Member=Component J5 M20-9990545
